âš  `images.domains` is deprecated in favor of `images.remotePatterns`. Please update next.config.js to protect your application from malicious users.
â–˛ Next.js 16.1.6 (Turbopack)
- Environments: .env
- Experiments (use with caution):
  Â· serverActions

  Creating an optimized production build ...
âś“ Compiled successfully in 16.2s
  Running TypeScript ...
  Collecting page data using 7 workers ...
  Generating static pages using 7 workers (0/73) ...
  Generating static pages using 7 workers (18/73) 
  Generating static pages using 7 workers (36/73) 
  Generating static pages using 7 workers (54/73) 
âś“ Generating static pages using 7 workers (73/73) in 1466.5ms
  Finalizing page optimization ...

Route (app)
â”Ś â—‹ /
â”ś â—‹ /_not-found
â”ś â—‹ /admin/dashboard
â”ś â—‹ /admin/login
â”ś â—‹ /admin/organizations
â”ś â—‹ /admin/plans
â”ś â—‹ /admin/users
â”ś Ć’ /agenda
â”ś Ć’ /api/admin/auth
â”ś Ć’ /api/admin/dashboard
â”ś Ć’ /api/admin/organizations
â”ś Ć’ /api/admin/organizations/[id]
â”ś Ć’ /api/admin/plans
â”ś Ć’ /api/admin/plans/[id]
â”ś Ć’ /api/admin/users
â”ś Ć’ /api/admin/users/[id]
â”ś Ć’ /api/agenda
â”ś Ć’ /api/agenda/[id]
â”ś Ć’ /api/attachments
â”ś Ć’ /api/attachments/[id]
â”ś Ć’ /api/auth/[...nextauth]
â”ś Ć’ /api/auth/delete-account
â”ś Ć’ /api/auth/export-data
â”ś Ć’ /api/auth/forgot-password
â”ś Ć’ /api/auth/me
â”ś Ć’ /api/auth/reset-password
â”ś Ć’ /api/auth/signup
â”ś Ć’ /api/comments
â”ś Ć’ /api/comments/[id]
â”ś Ć’ /api/goals
â”ś Ć’ /api/goals/[id]
â”ś Ć’ /api/goals/[id]/actions
â”ś Ć’ /api/goals/[id]/actions/[actionId]
â”ś Ć’ /api/import
â”ś Ć’ /api/integrations/chatwoot/connect
â”ś Ć’ /api/integrations/chatwoot/disconnect
â”ś Ć’ /api/integrations/chatwoot/sso
â”ś Ć’ /api/integrations/chatwoot/status
â”ś Ć’ /api/integrations/chatwoot/team-members
â”ś Ć’ /api/integrations/chatwoot/teams
â”ś Ć’ /api/integrations/chatwoot/teams/[teamId]
â”ś Ć’ /api/integrations/evolution/connect
â”ś Ć’ /api/integrations/evolution/disconnect
â”ś Ć’ /api/integrations/evolution/qrcode
â”ś Ć’ /api/integrations/evolution/setup-inbox
â”ś Ć’ /api/integrations/evolution/status
â”ś Ć’ /api/integrations/whatsapp/connect
â”ś Ć’ /api/integrations/whatsapp/create-inbox
â”ś Ć’ /api/integrations/whatsapp/disconnect
â”ś Ć’ /api/integrations/whatsapp/status
â”ś Ć’ /api/leads
â”ś Ć’ /api/leads/[id]
â”ś Ć’ /api/notifications
â”ś Ć’ /api/notifications/read
â”ś Ć’ /api/organizations
â”ś Ć’ /api/os
â”ś Ć’ /api/os/[id]
â”ś Ć’ /api/projects
â”ś Ć’ /api/projects/[id]
â”ś Ć’ /api/tasks
â”ś Ć’ /api/tasks/[id]
â”ś Ć’ /api/tasks/[id]/subtasks
â”ś Ć’ /api/tasks/[id]/subtasks/[subtaskId]
â”ś Ć’ /api/usage
â”ś Ć’ /api/users
â”ś Ć’ /api/users/[id]
â”ś Ć’ /api/users/[id]/permissions
â”ś Ć’ /api/users/invite
â”ś Ć’ /api/webhooks/asaas
â”ś Ć’ /api/webhooks/chatwoot
â”ś Ć’ /atendimento
â”ś â—‹ /auth/forgot-password
â”ś â—‹ /auth/login
â”ś â—‹ /auth/logout
â”ś â—‹ /auth/reset-password
â”ś â—‹ /auth/signup
â”ś Ć’ /dashboard
â”ś Ć’ /goals
â”ś Ć’ /kanban
â”ś Ć’ /leads
â”ś Ć’ /os
â”ś â—‹ /privacy
â”ś Ć’ /projects
â”ś Ć’ /reports
â”ś Ć’ /settings/account
â”ś Ć’ /settings/billing
â”ś Ć’ /settings/branding
â”ś Ć’ /settings/integrations
â”ś Ć’ /settings/members
â”ś Ć’ /tasks
â”” â—‹ /terms


Ć’ Proxy (Middleware)

â—‹  (Static)   prerendered as static content
Ć’  (Dynamic)  server-rendered on demand

